<?xml version="1.0" encoding="UTF-8"?>
<!-- Generated by org.testng.reporters.JUnitReportReporter -->
<testsuite skipped="0" hostname="Skillray" name="testng.DemoA" tests="3" failures="0" timestamp="2020-05-26T21:40:51 IST" time="39.326" errors="0">
  <testcase name="createuser" time="12.526" classname="testng.DemoA"/>
  <testcase name="createuser" time="14.307" classname="testng.DemoA"/>
  <testcase name="createuser" time="12.493" classname="testng.DemoA"/>
</testsuite> <!-- testng.DemoA -->
