<?xml version="1.0" encoding="UTF-8"?>
<!-- Generated by org.testng.reporters.JUnitReportReporter -->
<testsuite skipped="0" hostname="Skillray" name="testng.DemoB" tests="2" failures="0" timestamp="2020-05-26T21:59:25 IST" time="64.506" errors="0">
  <testcase name="testA" time="23.634" classname="testng.DemoB"/>
  <testcase name="testA" time="40.872" classname="testng.DemoB"/>
</testsuite> <!-- testng.DemoB -->
