<?xml version="1.0" encoding="UTF-8"?>
<!-- Generated by org.testng.reporters.JUnitReportReporter -->
<testsuite skipped="0" hostname="Skillray" name="testng.Facebook" tests="1" failures="0" timestamp="2020-05-25T22:03:57 IST" time="11.922" errors="0">
  <testcase name="login" time="11.922" classname="testng.Facebook"/>
</testsuite> <!-- testng.Facebook -->
