<?xml version="1.0" encoding="UTF-8"?>
<!-- Generated by org.testng.reporters.JUnitReportReporter -->
<testsuite skipped="0" hostname="Skillray" name="testng.Facebook2" tests="1" failures="0" timestamp="2020-05-25T22:13:48 IST" time="8.731" errors="0">
  <testcase name="login" time="8.731" classname="testng.Facebook2"/>
</testsuite> <!-- testng.Facebook2 -->
