<?xml version="1.0" encoding="UTF-8"?>
<!-- Generated by org.testng.reporters.JUnitReportReporter -->
<testsuite skipped="0" hostname="Skillray" name="testng.Demo" tests="3" failures="0" timestamp="2020-05-27T21:22:06 IST" time="0.038" errors="0">
  <testcase name="deleteaccount" time="0.028" classname="testng.Demo"/>
  <testcase name="login" time="0.004" classname="testng.Demo"/>
  <testcase name="logout" time="0.006" classname="testng.Demo"/>
</testsuite> <!-- testng.Demo -->
