<?xml version="1.0" encoding="UTF-8"?>
<!-- Generated by org.testng.reporters.JUnitReportReporter -->
<testsuite skipped="0" hostname="Skillray" name="testng.Sample" tests="1" failures="0" timestamp="2020-05-25T21:36:54 IST" time="0.038" errors="0">
  <testcase name="abc" time="0.038" classname="testng.Sample"/>
</testsuite> <!-- testng.Sample -->
