<?xml version="1.0" encoding="UTF-8"?>
<!-- Generated by org.testng.reporters.JUnitReportReporter -->
<testsuite skipped="1" hostname="Skillray" name="Whatsup" tests="9" failures="0" timestamp="2020-05-25T21:51:05 IST" time="0.060" errors="0">
  <testcase name="calls" time="0.028" classname="Whatsup"/>
  <testcase name="calls" time="0.009" classname="Whatsup"/>
  <testcase name="calls" time="0.006" classname="Whatsup"/>
  <testcase name="settings" time="0.004" classname="Whatsup"/>
  <testcase name="settings" time="0.004" classname="Whatsup"/>
  <testcase name="settings" time="0.002" classname="Whatsup"/>
  <testcase name="settings" time="0.003" classname="Whatsup"/>
  <testcase name="settings" time="0.004" classname="Whatsup"/>
  <testcase name="chats" classname="Whatsup">
    <skipped/>
  </testcase> <!-- chats -->
</testsuite> <!-- Whatsup -->
